0000000000000000 0000000000000401 b __fixedpath
0000000000000000 A __start__
0000000000000000 T _start
0000000000000000 b _TLS_MODULE_BASE_
0000000000000080 t startup
00000000000000b0 t bss_loop
0000000000000104 T __nx_exit
0000000000000114 T __nx_mod0
0000000000000130 T _init
0000000000000180 0000000000000038 T exit
00000000000001c0 000000000000028c T main
0000000000000408 0000000000002000 b tmp_buffer.6882
0000000000000450 t deregister_tm_clones
0000000000000480 t register_tm_clones
00000000000004b8 t __do_global_dtors_aux
0000000000000500 t frame_dummy
0000000000000540 00000000000000cc t drawLine
0000000000000610 0000000000000040 T handleInputs
0000000000000650 0000000000000b04 T drawTitle
0000000000001160 0000000000000034 t ipcCloseObjectById
00000000000011a0 00000000000000c4 t _appletCmdNoIO
0000000000001270 0000000000000124 t _appletGetHandle
00000000000013a0 00000000000000ec t _appletReceiveMessage
0000000000001490 00000000000000e0 t _appletGetOperationMode.constprop.17
0000000000001570 00000000000000e0 t _appletGetPerformanceMode.constprop.18
0000000000001650 00000000000000e0 t _appletGetCurrentFocusState.constprop.19
0000000000001730 00000000000000cc t _appletAcquireForegroundRights
0000000000001800 00000000000000d4 t _appletSetPerformanceModeChangedNotification.constprop.21
00000000000018e0 00000000000000d0 t _appletSetOutOfFocusSuspendingEnabled
00000000000019b0 00000000000000d4 t _appletSetOperationModeChangedNotification.constprop.20
0000000000001a90 00000000000000d8 t _appletSetFocusHandlingMode
0000000000001b70 00000000000000e0 t _appletGetAppletResourceUserId.constprop.15
0000000000001c50 000000000000013c t _appletGetSessionProxy.constprop.14
0000000000001d90 0000000000000010 T appletGetAppletType
0000000000001da0 0000000000000028 T appletHook
0000000000001dd0 0000000000000034 T appletUnhook
0000000000001e10 0000000000000028 T appletGetAppletResourceUserId
0000000000001e40 0000000000000120 T appletNotifyRunning
0000000000001f60 0000000000000124 T appletSetGamePlayRecordingState
0000000000002090 00000000000006c0 T appletExit
0000000000002408 0000000000002000 b tmp_buffer.6906
0000000000002750 0000000000000594 T appletInitialize
0000000000002cf0 0000000000000010 t _appletExitProcess
0000000000002d00 00000000000000ec T appletCreateManagedDisplayLayer
0000000000002df0 000000000000000c T appletGetOperationMode
0000000000002e00 000000000000017c T appletMainLoop
0000000000002f80 0000000000000034 t ipcCloseObjectById
0000000000002fc0 0000000000000124 t _hidGetSharedMemoryHandle.constprop.11
00000000000030f0 0000000000000134 t _hidCreateAppletResource.constprop.10
0000000000003230 0000000000000100 t _hidCmdWithNoInput
0000000000003330 000000000000010c t _hidCmdWithInputU32
0000000000003440 00000000000001d0 T hidReset
0000000000003610 000000000000000c T hidGetSharedmemAddr
0000000000003620 000000000000006c T hidKeysHeld
0000000000003690 000000000000006c T hidKeysDown
0000000000003700 000000000000000c T hidTouchCount
0000000000003710 0000000000000560 T hidScanInput
0000000000003c70 0000000000000198 T hidSetSupportedNpadIdType
0000000000003e10 000000000000000c T hidSetSupportedNpadStyleSet
0000000000003e20 000000000000000c T hidSetNpadJoyAssignmentModeDual
0000000000003e30 0000000000000130 T hidExit
0000000000003f60 000000000000015c T hidInitialize
00000000000040c0 0000000000000034 t ipcCloseObjectById
0000000000004100 0000000000000124 t _apmGetSession.constprop.4
0000000000004230 00000000000000f0 T apmExit
0000000000004320 000000000000008c T apmInitialize
00000000000043b0 00000000000000cc T apmSetPerformanceConfiguration
0000000000004480 0000000000000044 T smAddOverrideHandle
00000000000044d0 0000000000000060 T smGetServiceOverride
0000000000004530 0000000000000014 T smHasInitialized
0000000000004550 000000000000005c T smExit
00000000000045b0 0000000000000038 T smEncodeName
00000000000045f0 000000000000012c T smGetServiceOriginal
0000000000004720 0000000000000158 T smInitialize
0000000000004880 0000000000000074 T smGetService
0000000000004900 0000000000000104 T fatalWithType
0000000000004a10 0000000000000014 T fatalSimple
0000000000004a30 000000000000004c t _gfxCancelBuffer
0000000000004a80 0000000000000170 t _gfxDequeueBuffer.part.0
0000000000004bf0 00000000000004b4 T gfxInitDefault
00000000000050b0 00000000000000e8 T gfxConfigureCrop
00000000000051a0 0000000000000014 T gfxConfigureResolution
00000000000051c0 0000000000000060 t _gfxAutoResolutionAppletHook
0000000000005220 000000000000011c T gfxConfigureAutoResolution
0000000000005340 0000000000000174 T gfxExit
00000000000054c0 000000000000003c T _gfxGraphicBufferInit
0000000000005500 000000000000006c T gfxSwapBuffers
0000000000005570 0000000000000068 T gfxGetFramebuffer
00000000000055e0 000000000000012c T gfxFlushBuffers
0000000000005710 0000000000000038 t nvmapobjClose.part.0.constprop.3
0000000000005750 00000000000001e8 T nvgfxInitialize
0000000000005940 0000000000000058 T nvgfxExit
00000000000059a0 000000000000004c T nvgfxGetFramebuffer
00000000000059f0 0000000000000208 T envSetup
0000000000005c00 0000000000000020 T envGetMainThreadHandle
0000000000005c20 000000000000000c T envIsNso
0000000000005c30 0000000000000014 T envHasHeapOverride
0000000000005c50 000000000000000c T envGetHeapOverrideAddr
0000000000005c60 000000000000000c T envGetHeapOverrideSize
0000000000005c70 0000000000000014 T envHasArgv
0000000000005c90 000000000000000c T envGetArgv
0000000000005ca0 000000000000000c T envGetExitFuncPtr
0000000000005cb0 000000000000000c T envSetExitFuncPtr
0000000000005cbc T armDCacheFlush
0000000000005ce0 t armDCacheFlush_L0
0000000000005cf8 T svcSetHeapSize
0000000000005d0c T svcUnmapMemory
0000000000005d14 T svcQueryMemory
0000000000005d28 T svcExitProcess
0000000000005d30 T svcSleepThread
0000000000005d38 T svcMapSharedMemory
0000000000005d40 T svcUnmapSharedMemory
0000000000005d48 T svcCreateTransferMemory
0000000000005d5c T svcCloseHandle
0000000000005d64 T svcResetSignal
0000000000005d6c T svcWaitSynchronization
0000000000005d80 T svcArbitrateLock
0000000000005d88 T svcArbitrateUnlock
0000000000005d90 T svcConnectToNamedPort
0000000000005da4 T svcSendSyncRequest
0000000000005dac T svcBreak
0000000000005db4 T svcGetInfo
0000000000005dc8 T svcUnmapTransferMemory
0000000000005dd0 0000000000000180 t _CacheValues
0000000000005f50 000000000000001c T kernelAbove200
0000000000005f70 000000000000001c T kernelAbove300
0000000000005f90 0000000000000030 T detectDebugger
0000000000005fc0 0000000000000014 T shmemLoadRemote
0000000000005fe0 0000000000000084 T shmemMap
0000000000006070 0000000000000058 T shmemUnmap
00000000000060d0 0000000000000044 T shmemClose
0000000000006120 000000000000004c T rwlockReadLock
0000000000006170 000000000000004c T rwlockReadUnlock
00000000000061c0 0000000000000008 T rwlockWriteLock
00000000000061d0 0000000000000008 T rwlockWriteUnlock
00000000000061e0 00000000000000a8 T tmemCreate
0000000000006290 0000000000000058 T tmemUnmap
00000000000062f0 0000000000000068 T tmemClose
0000000000006360 000000000000008c T mutexLock
00000000000063f0 0000000000000030 T mutexUnlock
0000000000006420 000000000000004c T rmutexLock
0000000000006470 000000000000001c T rmutexUnlock
0000000000006490 000000000000007c t _GetRegionFromInfo.isra.1
0000000000006510 0000000000000114 T virtmemSetup
0000000000006630 000000000000013c T virtmemReserve
0000000000006770 0000000000000004 T virtmemFree
0000000000006780 000000000000000c T eventLoadRemote
0000000000006790 000000000000011c T eventWait
00000000000068b0 0000000000000050 T eventClose
0000000000006900 0000000000000034 t ipcCloseObjectById
0000000000006940 00000000000000c8 t ipcQueryPointerBufferSize.constprop.10
0000000000006a10 000000000000010c t ipcCloneSession.constprop.9
0000000000006b20 00000000000000d8 t _nvSetClientPID
0000000000006c00 00000000000000f0 t _nvInitialize.constprop.8
0000000000006cf0 0000000000000108 T nvExit
0000000000006e00 0000000000000178 T nvInitialize
0000000000006f80 000000000000012c T nvConvertError
00000000000070b0 000000000000012c T nvOpen
00000000000071e0 0000000000000270 T nvIoctl
0000000000007450 00000000000000dc T nvClose
0000000000007530 000000000000015c T nvQueryEvent
0000000000007690 0000000000000034 t ipcCloseObjectById
00000000000076d0 0000000000000134 t _viGetSession.constprop.7
0000000000007810 00000000000001e4 T viExit
0000000000007a00 0000000000000304 T viInitialize
0000000000007d10 000000000000000c T viGetSession_IHOSBinderDriverRelay
0000000000007d20 0000000000000140 T viOpenDisplay
0000000000007e60 0000000000000104 T viCloseDisplay
0000000000007f70 000000000000013c T viGetDisplayVsyncEvent
00000000000080b0 0000000000000104 T viCloseLayer
00000000000081c0 0000000000000320 T viCreateLayer
00000000000084e0 00000000000000e8 T viSetLayerScalingMode
00000000000085d0 0000000000000060 t _nvFenceEventWaitCommon
0000000000008630 000000000000005c T nvFenceInit
0000000000008690 0000000000000098 T nvFenceExit
0000000000008730 00000000000001e0 T nvFenceWait
0000000000008910 000000000000007c T nvMultiFenceWait
0000000000008990 0000000000000024 T nvioctlNvhostCtrl_EventSignal
00000000000089c0 000000000000003c T nvioctlNvhostCtrl_EventWait
0000000000008a00 0000000000000028 T nvioctlNvhostCtrl_EventWaitAsync
0000000000008a30 0000000000000024 T nvioctlNvhostCtrl_EventRegister
0000000000008a60 0000000000000024 T nvioctlNvhostCtrl_EventUnregister
0000000000008a90 000000000000003c T nvioctlNvmap_Create
0000000000008ad0 0000000000000030 T nvioctlNvmap_Alloc
0000000000008b00 000000000000003c T nvioctlNvmap_GetId
0000000000008b40 00000000000000f0 T bqRequestBuffer
0000000000008c30 0000000000000154 T bqDequeueBuffer
0000000000008d90 000000000000009c T bqDetachBuffer
0000000000008e30 00000000000000e0 T bqQueueBuffer
0000000000008f10 0000000000000090 T bqCancelBuffer
0000000000008fa0 00000000000000e4 T bqConnect
0000000000009090 000000000000009c T bqDisconnect
0000000000009130 00000000000000b4 T bqSetPreallocatedBuffer
00000000000091f0 0000000000000248 t _binderTransactParcelAuto
0000000000009440 00000000000000c8 t ipcQueryPointerBufferSize
0000000000009510 0000000000000138 t _binderTransactParcel
0000000000009650 0000000000000014 T binderCreate
0000000000009670 0000000000000010 T binderTransactParcel
0000000000009680 0000000000000124 T binderConvertErrorCode
00000000000097b0 00000000000000e8 T binderAdjustRefcount
00000000000098a0 0000000000000074 T binderClose
0000000000009920 00000000000000c4 T binderInitSession
00000000000099f0 0000000000000144 T binderGetNativeHandle
0000000000009b40 0000000000000028 T parcelCreate
0000000000009b70 000000000000019c T parcelTransact
0000000000009d10 0000000000000088 T parcelWriteData
0000000000009da0 0000000000000098 T parcelReadData
0000000000009e40 0000000000000020 T parcelWriteInt32
0000000000009e60 0000000000000020 T parcelWriteUInt32
0000000000009e80 0000000000000080 T parcelWriteString16
0000000000009f00 0000000000000030 T parcelWriteInterfaceToken
0000000000009f30 0000000000000024 T parcelReadInt32
0000000000009f60 0000000000000068 T parcelReadFlattenedObject
0000000000009fd0 0000000000000044 T parcelWriteFlattenedObject
000000000000a020 00000000000000a0 T __nx_dynamic
000000000000a0c0 00000000000000d8 W __libnx_initheap
000000000000a1a0 0000000000000090 W __appInit
000000000000a230 0000000000000034 W __appExit
000000000000a270 0000000000000028 W __libnx_init
000000000000a2a0 0000000000000020 W __libnx_exit
000000000000a2c0 0000000000000008 t mutexInit
000000000000a2d0 000000000000000c t rmutexInit
000000000000a2e0 000000000000008c T __libnx_gtod
000000000000a370 0000000000000020 T __libnx_clock_settime
000000000000a390 0000000000000028 T __libnx_nanosleep
000000000000a3c0 0000000000000034 t __libnx_get_reent
000000000000a400 00000000000000f8 T __libnx_clock_gettime
000000000000a500 0000000000000058 T __libnx_clock_getres
000000000000a560 000000000000027c T __libnx_init_time
000000000000a7e0 0000000000000118 T newlibSetup
000000000000a900 0000000000000368 T argvSetup
000000000000ac70 0000000000000010 t fsdev_link
000000000000ac80 0000000000000010 t fsdev_dirreset
000000000000ac90 0000000000000010 t fsdev_chmod
000000000000aca0 000000000000001c t error_cmp
000000000000acc0 0000000000000058 t fsdev_translate_error
000000000000ad20 0000000000000040 t fsdev_fsync
000000000000ad60 0000000000000060 t fsdev_ftruncate
000000000000adc0 0000000000000020 t fsdev_dirclose
000000000000ade0 000000000000016c t fsdev_dirnext
000000000000af50 000000000000001c t fsdev_close
000000000000af70 0000000000000080 t fsdev_fstat
000000000000aff0 00000000000000b0 t fsdev_seek
000000000000b0a0 0000000000000198 t fsdev_read
000000000000b240 00000000000001a0 t fsdev_write
000000000000b3e0 0000000000000120 t fsdevFindDevice
000000000000b500 0000000000000168 t _fsdevMountDevice
000000000000b670 00000000000001fc t fsdev_getfspath
000000000000b870 0000000000000070 t fsdev_rmdir
000000000000b8e0 00000000000000d4 t fsdev_statvfs
000000000000b9c0 00000000000000ec t fsdev_diropen
000000000000bab0 0000000000000070 t fsdev_mkdir
000000000000bb20 0000000000000114 t fsdev_rename
000000000000bc40 00000000000000e8 t fsdev_chdir
000000000000bd30 0000000000000070 t fsdev_unlink
000000000000bda0 0000000000000168 t fsdev_stat
000000000000bf10 0000000000000180 t fsdev_open
000000000000c090 00000000000000b8 t _fsdevUnmountDeviceStruct.part.4
000000000000c150 0000000000000010 t fsdev_fchmod
000000000000c160 0000000000000158 T fsdevMountSdmc
000000000000c2c0 0000000000000064 T fsdevUnmountAll
000000000000c330 000000000000012c T decode_utf8
000000000000c45c T __aarch64_read_tp
000000000000c470 0000000000000034 t ipcCloseObjectById
000000000000c4b0 000000000000012c t _timeGetSession
000000000000c5e0 00000000000001ec T timeExit
000000000000c7d0 00000000000000d8 T timeInitialize
000000000000c8b0 0000000000000124 T timeGetCurrentTime
000000000000c9e0 0000000000000118 T timeToCalendarTimeWithMyRule
000000000000cb00 0000000000000220 t ipcPrepareHeader
000000000000cd20 000000000000022c t ipcParse
000000000000cf50 00000000000000b8 t serviceIpcParse
000000000000d010 0000000000000034 t ipcCloseObjectById
000000000000d050 0000000000000200 T fsInitialize
000000000000d250 000000000000009c T fsExit
000000000000d2f0 0000000000000134 T fsMountSdcard
000000000000d430 0000000000000120 T fsFsCreateFile
000000000000d550 000000000000019c T fsFsDeleteFile
000000000000d6f0 00000000000001a4 T fsFsCreateDirectory
000000000000d8a0 00000000000001a4 T fsFsDeleteDirectory
000000000000da50 0000000000000190 T fsFsRenameFile
000000000000dbe0 0000000000000190 T fsFsRenameDirectory
000000000000dd70 000000000000012c T fsFsGetEntryType
000000000000dea0 0000000000000150 T fsFsOpenFile
000000000000dff0 0000000000000150 T fsFsOpenDirectory
000000000000e140 000000000000012c T fsFsGetFreeSpace
000000000000e270 000000000000012c T fsFsGetTotalSpace
000000000000e3a0 000000000000006c T fsFsClose
000000000000e410 0000000000000138 T fsFileRead
000000000000e550 000000000000010c T fsFileWrite
000000000000e660 0000000000000174 T fsFileFlush
000000000000e7e0 000000000000017c T fsFileSetSize
000000000000e960 0000000000000100 T fsFileGetSize
000000000000ea60 000000000000006c T fsFileClose
000000000000ead0 000000000000006c T fsDirClose
000000000000eb40 000000000000013c T fsDirRead
000000000000ec80 00000000000000c4 T nxlinkSetup
000000000000ed48 00000000000000b8 T bsearch
000000000000ee00 0000000000000014 T __errno
000000000000ee18 0000000000000044 T __libc_fini_array
000000000000ee60 000000000000008c T __libc_init_array
000000000000eef0 0000000000000008 T __locale_ctype_ptr_l
000000000000eef8 000000000000002c T __locale_ctype_ptr
000000000000ef28 0000000000000030 T memalign
000000000000ef58 0000000000000198 T _memalign_r
000000000000f0f0 000000000000001c T free
000000000000f110 0000000000000844 T _malloc_r
000000000000f958 00000000000002c8 T __utf8_mbtowc
000000000000fc40 000000000000016c T memcpy
000000000000fdc0 00000000000001d8 T memset
000000000000ff98 000000000000000c T __malloc_lock
000000000000ffa8 000000000000000c T __malloc_unlock
000000000000ffb8 000000000000003c T setenv
000000000000fff8 0000000000000264 T _setenv_r
000000000001025c 00000000000000dc T strchr
0000000000010340 00000000000000a4 T strcmp
0000000000010400 0000000000000140 T strlen
0000000000010540 0000000000000084 T strncat
000000000001061c 0000000000000108 T strncmp
0000000000010728 00000000000000a8 T strncpy
0000000000010824 00000000000000e0 T strnlen
00000000000108e0 00000000000001e0 t _strtoul_l.isra.0
0000000000010ac0 000000000000005c T strtoul
0000000000010b20 00000000000000e4 T __utf8_wctomb
0000000000010c08 000000000000017c T __call_exitprocs
0000000000010d88 000000000000000c T __env_lock
0000000000010d98 000000000000000c T __env_unlock
0000000000010da8 0000000000000118 T _malloc_trim_r
0000000000010ec0 00000000000002f4 T _free_r
00000000000111b8 0000000000000100 T _findenv_r
00000000000112b8 000000000000056c T _realloc_r
0000000000011840 00000000000000ac T memmove
00000000000118f0 0000000000000008 t null_write
00000000000118f8 0000000000000018 T setDefaultDevice
0000000000011910 00000000000000f8 T FindDevice
0000000000011a08 0000000000000034 T RemoveDevice
0000000000011a40 00000000000000d8 T AddDevice
0000000000011b18 0000000000000078 T _sbrk_r
0000000000011b90 0000000000000024 T _exit
0000000000011bb8 0000000000000234 T _concatenate_path
0000000000011df0 0000000000000178 T chdir
0000000000011f68 0000000000000018 T __libc_lock_acquire_recursive
0000000000011f80 0000000000000018 T __libc_lock_release_recursive
0000000000011f98 0000000000000024 T __getreent
0000000000011fbc 0000000000000100 T strrchr
00000000000120c0 T _fini
0000000000013000 0000000000000014 r CSWTCH.55
00000000000130e0 0000000000000023 r g_bq_InterfaceDescriptor
0000000000013118 0000000000000018 r error_table
00000000000131c0 0000000000000101 R _ctype_
00000000000132d0 0000000000000003 R DIRECTORY_PARENT
00000000000132d8 r __EH_FRAME_BEGIN__
00000000000132d8 R __eh_frame_hdr_end
00000000000132d8 R __eh_frame_hdr_start
0000000000016e34 r __FRAME_END__
0000000000016e38 a _DYNAMIC
000000000001a000 t __frame_dummy_init_array_entry
000000000001a000 T __init_array_start
000000000001a000 B __preinit_array_end
000000000001a000 B __preinit_array_start
000000000001a000 D __tdata_lma
000000000001a000 D __tdata_lma_end
000000000001a008 t __do_global_dtors_aux_fini_array_entry
000000000001a008 T __fini_array_start
000000000001a008 T __init_array_end
000000000001a010 T __fini_array_end
000000000001a010 T __got_start__
000000000001a010 a _GLOBAL_OFFSET_TABLE_
000000000001a250 D __got_end__
000000000001a250 0000000000000054 d L
000000000001a2a8 0000000000000054 d I
000000000001a300 0000000000000054 d S
000000000001a358 0000000000000054 d O
000000000001a3b0 0000000000000054 d J
000000000001a408 0000000000000054 d T
000000000001a460 0000000000000054 d Z
000000000001a4b4 0000000000000001 V __nx_applet_auto_notifyrunning
000000000001a4b8 0000000000000004 V __nx_applet_type
000000000001a4bc 0000000000000004 d g_gfxMode
000000000001a4c0 0000000000000054 d g_gfxQueueBufferData
000000000001a518 000000000000016c d g_gfx_BufferInitData
000000000001a684 0000000000000004 D g_nvgfx_totalframebufs
000000000001a688 0000000000000004 V __nx_nv_transfermem_size
000000000001a68c 0000000000000004 V __nx_vi_stray_layer_flags
000000000001a690 0000000000000004 d g_viServiceType
000000000001a694 0000000000000004 d g_ctrl_fd
000000000001a698 0000000000000401 d __cwd
000000000001aa9c 0000000000000004 d fsdev_fsdevice_cwd
000000000001aaa0 0000000000000004 d fsdev_fsdevice_default
000000000001aaa8 00000000000000e0 d fsdev_devoptab
000000000001ab88 0000000000000008 D _impure_ptr
000000000001ab90 0000000000000768 d impure_data
000000000001b2f8 0000000000000008 D _global_impure_ptr
000000000001b300 00000000000001a8 D __global_locale
000000000001b4a8 0000000000000008 D __malloc_sbrk_base
000000000001b4b0 0000000000000008 D __malloc_trim_threshold
000000000001b4b8 0000000000000810 D __malloc_av_
000000000001bcc8 0000000000000008 D environ
000000000001bcd0 0000000000000004 d defaultDevice
000000000001bcd8 0000000000000080 D devoptab_list
000000000001bd58 00000000000000e0 D dotab_stdnull
000000000001be38 0000000000000400 d _current_working_directory
000000000001c238 D __bss_start__
000000000001c238 D __TMC_END__
000000000001c238 b completed.7821
000000000001c240 b object.7826
000000000001c270 00000000000004c8 b Game
000000000001c738 0000000000000008 V __nx_applet_PerformanceConfiguration
000000000001c740 0000000000000004 V __nx_applet_exit_mode
000000000001c744 0000000000000001 b g_appletExitProcessFlag
000000000001c748 0000000000000018 b g_appletFirstHook
000000000001c760 0000000000000001 b g_appletFocusState
000000000001c768 000000000000000c b g_appletIApplicationCreator
000000000001c778 000000000000000c b g_appletIAudioController
000000000001c788 000000000000000c b g_appletICommonStateGetter
000000000001c798 000000000000000c b g_appletIDebugFunctions
000000000001c7a8 000000000000000c b g_appletIDisplayController
000000000001c7b8 000000000000000c b g_appletIFunctions
000000000001c7c8 000000000000000c b g_appletIGlobalStateController
000000000001c7d8 000000000000000c b g_appletILibraryAppletCreator
000000000001c7e8 000000000000000c b g_appletILibraryAppletSelfAccessor
000000000001c7f8 000000000000000c b g_appletIProcessWindingController
000000000001c808 000000000000000c b g_appletISelfController
000000000001c818 000000000000000c b g_appletIWindowController
000000000001c828 000000000000000c b g_appletMessageEvent
000000000001c834 0000000000000001 b g_appletNotifiedRunning
000000000001c835 0000000000000001 b g_appletOperationMode
000000000001c838 0000000000000004 b g_appletPerformanceMode
000000000001c840 000000000000000c b g_appletProxySession
000000000001c84c 0000000000000004 b g_appletRecordingInitialized
000000000001c850 0000000000000028 b g_appletRecordingTmem
000000000001c878 0000000000000008 b g_appletResourceUserId
000000000001c880 000000000000000c b g_appletSrv
000000000001c890 0000000000000008 b g_refCnt
000000000001c898 0000000000000050 b g_controllerDown
000000000001c8e8 00000000000001e0 b g_controllerEntries
000000000001cac8 0000000000000190 b g_controllerHeaders
000000000001cc58 0000000000000050 b g_controllerHeld
000000000001cca8 0000000000000028 b g_controllerLayout
000000000001ccd0 0000000000000050 b g_controllerOld
000000000001cd20 0000000000000004 b g_controllerP1AutoID
000000000001cd28 0000000000000050 b g_controllerTimestamps
000000000001cd78 0000000000000050 b g_controllerUp
000000000001cdc8 000000000000000c b g_hidIAppletResource
000000000001cdd8 0000000000000020 b g_hidLock
000000000001cdf8 0000000000000020 b g_hidSharedmem
000000000001ce18 000000000000000c b g_hidSrv
000000000001ce28 0000000000000020 b g_keyboardDown
000000000001ce48 0000000000000038 b g_keyboardEntry
000000000001ce80 0000000000000020 b g_keyboardHeld
000000000001cea0 0000000000000008 b g_keyboardModDown
000000000001cea8 0000000000000008 b g_keyboardModHeld
000000000001ceb0 0000000000000008 b g_keyboardModOld
000000000001ceb8 0000000000000008 b g_keyboardModUp
000000000001cec0 0000000000000020 b g_keyboardOld
000000000001cee0 0000000000000008 b g_keyboardTimestamp
000000000001cee8 0000000000000020 b g_keyboardUp
000000000001cf08 0000000000000008 b g_mouseDown
000000000001cf10 0000000000000030 b g_mouseEntry
000000000001cf40 0000000000000008 b g_mouseHeld
000000000001cf48 0000000000000008 b g_mouseOld
000000000001cf50 0000000000000008 b g_mouseTimestamp
000000000001cf58 0000000000000008 b g_mouseUp
000000000001cf60 0000000000000008 b g_refCnt
000000000001cf68 000000000000000a b g_sixaxisEnabled
000000000001cf78 0000000000004650 b g_sixaxisLayouts
00000000000215c8 0000000000000298 b g_touchEntry
0000000000021860 0000000000000008 b g_touchTimestamp
0000000000021868 000000000000000c b g_apmISession
0000000000021878 000000000000000c b g_apmSrv
0000000000021888 0000000000000008 b g_refCnt
0000000000021890 0000000000000008 b g_refCnt
0000000000021898 0000000000000004 b g_smHandle
00000000000218a0 0000000000000200 b g_smOverrides
0000000000021aa0 0000000000000008 b g_smOverridesNum
0000000000021aa8 000000000000000c b g_gfxBinderEvent
0000000000021ab8 0000000000000010 b g_gfxBinderSession
0000000000021ac8 0000000000000004 b g_gfxCurrentBuffer
0000000000021acc 0000000000000004 b g_gfxCurrentProducerBuffer
0000000000021ad0 0000000000000050 b g_gfxDisplay
0000000000021b20 000000000000000c b g_gfxDisplayVsyncEvent
0000000000021b30 0000000000000008 b g_gfxFramebuf
0000000000021b38 0000000000000004 b g_gfxFramebufHandle
0000000000021b40 0000000000000008 b g_gfxFramebufLinear
0000000000021b48 0000000000000008 b g_gfxFramebufSize
0000000000021b50 0000000000000001 b g_gfxInitialized
0000000000021b58 0000000000000010 b g_gfxLayer
0000000000021b68 0000000000000010 b g_gfx_Connect_QueueBufferOutput
0000000000021b78 0000000000000001 b g_gfx_ProducerConnected
0000000000021b7c 0000000000000004 b g_gfx_ProducerSlotsRequested
0000000000021b80 0000000000000010 b g_gfx_QueueBuffer_QueueBufferOutput
0000000000021b90 0000000000000018 b g_gfx_autoresolution_applethookcookie
0000000000021ba8 0000000000000004 b g_gfx_autoresolution_docked_height
0000000000021bac 0000000000000004 b g_gfx_autoresolution_docked_width
0000000000021bb0 0000000000000001 b g_gfx_autoresolution_enabled
0000000000021bb4 0000000000000004 b g_gfx_autoresolution_handheld_height
0000000000021bb8 0000000000000004 b g_gfx_autoresolution_handheld_width
0000000000021bc0 0000000000000008 B g_gfx_framebuf_aligned_height
0000000000021bc8 0000000000000008 B g_gfx_framebuf_aligned_width
0000000000021bd0 0000000000000008 B g_gfx_framebuf_display_height
0000000000021bd8 0000000000000008 B g_gfx_framebuf_display_width
0000000000021be0 0000000000000008 B g_gfx_framebuf_height
0000000000021be8 0000000000000008 B g_gfx_framebuf_width
0000000000021bf0 0000000000000008 B g_gfx_singleframebuf_linear_size
0000000000021bf8 0000000000000008 B g_gfx_singleframebuf_size
0000000000021c00 0000000000000001 b g_nvgfxInitialized
0000000000021c04 0000000000000004 b g_nvgfx_fd_nvmap
0000000000021c08 0000000000000018 b nvmap_fb_obj
0000000000021c20 0000000000000001 b g_hasRandomSeed
0000000000021c21 0000000000000001 b g_isNso
0000000000021c24 0000000000000004 b g_lastLoadResult
0000000000021c28 0000000000000008 b g_loaderRetAddr
0000000000021c30 0000000000000004 b g_mainThreadHandle
0000000000021c38 0000000000000008 b g_nextLoadArgv
0000000000021c40 0000000000000008 b g_nextLoadPath
0000000000021c48 0000000000000008 b g_overrideArgv
0000000000021c50 0000000000000008 b g_overrideHeapAddr
0000000000021c58 0000000000000008 b g_overrideHeapSize
0000000000021c60 0000000000000004 b g_processHandle
0000000000021c68 0000000000000010 b g_randomSeed
0000000000021c78 0000000000000010 b g_syscallHints
0000000000021c88 0000000000000001 b g_HasCached
0000000000021c89 0000000000000001 b g_IsAbove200
0000000000021c8a 0000000000000001 b g_IsAbove300
0000000000021c8b 0000000000000001 b g_IsAbove400
0000000000021c8c 0000000000000001 b g_IsAbove500
0000000000021c8d 0000000000000001 b g_IsAbove600
0000000000021c90 0000000000000004 b g_Mutex
0000000000021c98 0000000000000010 b g_AddressSpace
0000000000021ca8 0000000000000008 b g_CurrentAddr
0000000000021cb0 0000000000000030 b g_Region
0000000000021ce0 0000000000000004 b g_VirtMemMutex
0000000000021ce8 0000000000000008 b g_nvIpcBufferSize
0000000000021cf0 000000000000000c b g_nvSrv
0000000000021d00 000000000000000c b g_nvSrvClone
0000000000021d10 0000000000000028 b g_nvTransfermem
0000000000021d38 0000000000000008 b g_refCnt
0000000000021d40 0000000000000008 V __nx_vi_layer_id
0000000000021d48 000000000000000c b g_viIApplicationDisplayService
0000000000021d58 000000000000000c b g_viIHOSBinderDriverIndirect
0000000000021d68 000000000000000c b g_viIHOSBinderDriverRelay
0000000000021d78 000000000000000c b g_viIManagerDisplayService
0000000000021d88 000000000000000c b g_viISystemDisplayService
0000000000021d98 0000000000000008 b g_NvEventUsedMask
0000000000021da0 0000000000000300 b g_NvEvents
00000000000220a0 0000000000000008 b g_refCnt
00000000000220a8 0000000000000008 V __nx_heap_size
00000000000220b0 0000000000000008 b __bootticks
00000000000220b8 0000000000000008 b __boottime
00000000000220c0 0000000000000004 V __nx_time_type
00000000000220c8 0000000000000008 b g_argv_empty
00000000000220d0 0000000000002300 b fsdev_fsdevices
00000000000243d0 0000000000000001 b fsdev_initialised
00000000000243d8 0000000000000008 b g_refCnt
00000000000243e0 000000000000000c b g_timeLocalSystemClock
00000000000243f0 000000000000000c b g_timeNetworkSystemClock
0000000000024400 000000000000000c b g_timeSrv
0000000000024410 000000000000000c b g_timeTimeZoneService
0000000000024420 000000000000000c b g_timeUserSystemClock
0000000000024430 000000000000000c b g_fsSrv
0000000000024440 0000000000000008 b g_refCnt
0000000000024448 0000000000000028 B __malloc_current_mallinfo
0000000000024470 0000000000000008 B __malloc_max_sbrked_mem
0000000000024478 0000000000000008 B __malloc_max_total_mem
0000000000024480 0000000000000008 B __malloc_top_pad
0000000000024488 000000000000000c b __malloc_recursive_mutex
0000000000024494 0000000000000004 b alloced.4037
0000000000024498 000000000000000c B __atexit_recursive_mutex
00000000000244a8 0000000000000008 b initial_env
00000000000244b0 000000000000000c b __env_recursive_mutex
00000000000244c0 0000000000000008 b heap_start.5228
00000000000244c8 0000000000000008 B fake_heap_end
00000000000244d0 0000000000000008 B fake_heap_start
00000000000244d8 0000000000000400 b temp_cwd
00000000000248d8 0000000000000090 B __syscalls
0000000000024968 0000000000000008 B __stack_top
0000000000024970 0000000000000008 B __system_argv
0000000000024978 0000000000000004 B __system_argc
0000000000024980 0000000000000004 B __nxlink_host
0000000000024988 B __tls_start
0000000000028d90 B __bss_end__
0000000000028d90 A __end__
0000000000028d90 B __tls_end
0000000000029000 A __argdata__
